<?xml version="1.0" encoding="UTF-8"?>
<testng-results ignored="0" total="2" passed="2" failed="0" skipped="0">
  <reporter-output>
  </reporter-output>
  <suite started-at="2024-02-11T18:39:06 IST" name="Suite" finished-at="2024-02-11T18:40:15 IST" duration-ms="69672">
    <groups>
    </groups>
    <test started-at="2024-02-11T18:39:06 IST" name="Test" finished-at="2024-02-11T18:40:15 IST" duration-ms="69672">
      <class name="com.TestCases.TestCase_002">
        <test-method is-config="true" signature="setUp(java.lang.String)[pri:0, instance:com.TestCases.TestCase_002@3754a4bf]" started-at="2024-02-11T18:39:46 IST" name="setUp" finished-at="2024-02-11T18:39:53 IST" duration-ms="6296" status="PASS">
          <params>
            <param index="0">
              <value>
                <![CDATA[chrome]]>
              </value>
            </param>
          </params>
          <reporter-output>
          </reporter-output>
        </test-method> <!-- setUp -->
        <test-method signature="verifyNavigationOfButtons()[pri:0, instance:com.TestCases.TestCase_002@3754a4bf]" started-at="2024-02-11T18:39:53 IST" name="verifyNavigationOfButtons" finished-at="2024-02-11T18:40:15 IST" duration-ms="22458" status="PASS">
          <reporter-output>
          </reporter-output>
        </test-method> <!-- verifyNavigationOfButtons -->
        <test-method is-config="true" signature="tearDown()[pri:0, instance:com.TestCases.TestCase_002@3754a4bf]" started-at="2024-02-11T18:40:15 IST" name="tearDown" finished-at="2024-02-11T18:40:15 IST" duration-ms="279" status="PASS">
          <reporter-output>
          </reporter-output>
        </test-method> <!-- tearDown -->
      </class> <!-- com.TestCases.TestCase_002 -->
      <class name="com.TestCases.TestCase_001">
        <test-method is-config="true" signature="setUp(java.lang.String)[pri:0, instance:com.TestCases.TestCase_001@397fbdb]" started-at="2024-02-11T18:39:06 IST" name="setUp" finished-at="2024-02-11T18:39:14 IST" duration-ms="7902" status="PASS">
          <params>
            <param index="0">
              <value>
                <![CDATA[chrome]]>
              </value>
            </param>
          </params>
          <reporter-output>
          </reporter-output>
        </test-method> <!-- setUp -->
        <test-method signature="verifyBrokenLinksOnHomePage()[pri:0, instance:com.TestCases.TestCase_001@397fbdb]" started-at="2024-02-11T18:39:14 IST" name="verifyBrokenLinksOnHomePage" finished-at="2024-02-11T18:39:46 IST" duration-ms="32304" status="PASS">
          <reporter-output>
          </reporter-output>
        </test-method> <!-- verifyBrokenLinksOnHomePage -->
        <test-method is-config="true" signature="tearDown()[pri:0, instance:com.TestCases.TestCase_001@397fbdb]" started-at="2024-02-11T18:39:46 IST" name="tearDown" finished-at="2024-02-11T18:39:46 IST" duration-ms="328" status="PASS">
          <reporter-output>
          </reporter-output>
        </test-method> <!-- tearDown -->
      </class> <!-- com.TestCases.TestCase_001 -->
    </test> <!-- Test -->
  </suite> <!-- Suite -->
</testng-results>
